Start testing: Oct 05 13:06 MSK
----------------------------------------------------------
1/1 Testing: lab1_test
1/1 Test: lab1_test
Command: "/home/pvrozhkov/operating_system/operating_systems/build/tests/lab1_test"
Directory: /home/pvrozhkov/operating_system/operating_systems/build/tests
"lab1_test" start time: Oct 05 13:06 MSK
Output:
----------------------------------------------------------
Running main() from /home/pvrozhkov/operating_system/operating_systems/build/_deps/googletest-src/googletest/src/gtest_main.cc
[==========] Running 2 tests from 1 test suite.
[----------] Global test environment set-up.
[----------] 2 tests from ParentProcessTest
[ RUN      ] ParentProcessTest.CheckStringsInFiles
[       OK ] ParentProcessTest.CheckStringsInFiles (1 ms)
[ RUN      ] ParentProcessTest.CleanupFiles
[       OK ] ParentProcessTest.CleanupFiles (0 ms)
[----------] 2 tests from ParentProcessTest (2 ms total)

[----------] Global test environment tear-down
[==========] 2 tests from 1 test suite ran. (2 ms total)
[  PASSED  ] 2 tests.
<end of output>
Test time =   0.01 sec
----------------------------------------------------------
Test Passed.
"lab1_test" end time: Oct 05 13:06 MSK
"lab1_test" time elapsed: 00:00:00
----------------------------------------------------------

End testing: Oct 05 13:06 MSK
